* reseni:

incidencni tabulka (uzlu: 70, hran: 723):
0 --> 58 76 89 96 116 128 167 181 228 284 296 344 373 463 473 506 540 586 
1 --> 3 5 10 19 29 37 63 69 77 105 134 182 247 285 297 345 360 374 393 474 522 557 682 704 
2 --> 0 1 6 7 20 24 117 168 229 268 314 375 411 444 489 523 569 626 
3 --> 0 2 11 44 64 97 129 145 230 324 361 376 475 524 541 587 683 
4 --> 1 2 4 12 16 25 33 38 45 98 169 183 192 205 241 286 315 325 412 431 476 490 525 607 664 
5 --> 8 13 26 30 34 65 99 170 231 248 269 287 316 413 588 665 
6 --> 3 4 14 21 46 52 78 118 135 161 414 432 464 643 666 684 
7 --> 5 6 9 15 17 22 28 31 35 39 90 106 119 146 206 216 242 249 346 394 542 589 644 
8 --> 7 8 9 18 40 59 66 70 83 107 136 162 171 184 193 217 298 326 362 377 395 415 445 507 608 645 685 705 
9 --> 10 11 12 13 14 15 23 47 79 120 130 185 207 218 288 317 347 378 396 686 
10 --> 16 17 18 27 48 53 60 67 91 100 111 121 131 137 172 219 232 270 289 299 327 397 433 446 477 491 508 543 687 706 
11 --> 19 20 21 22 23 32 36 41 49 54 68 80 101 108 112 122 147 154 163 194 220 233 250 300 379 398 646 667 
12 --> 24 25 26 27 42 50 55 84 92 102 113 173 221 251 290 363 434 478 509 558 647 
13 --> 28 132 195 234 301 318 328 348 627 648 688 
14 --> 29 30 31 32 51 71 81 85 103 138 174 196 222 319 526 668 707 
15 --> 33 34 35 36 43 56 61 93 123 139 148 186 197 252 302 329 447 465 527 559 570 
16 --> 37 38 39 40 41 42 43 57 62 72 86 124 155 198 235 243 253 261 303 330 349 399 560 571 
17 --> 44 45 46 47 48 49 50 51 73 87 149 156 187 223 236 271 331 350 380 510 572 590 609 628 649 689 708 
18 --> 52 53 54 55 56 57 74 88 114 140 157 175 199 208 262 272 320 381 544 610 650 709 
19 --> 58 59 60 61 62 75 125 141 176 200 237 254 273 400 435 448 479 528 629 
20 --> 63 64 65 66 67 68 82 94 104 126 150 158 177 209 304 351 401 449 466 492 545 611 630 651 669 690 710 
21 --> 69 70 71 72 73 74 75 321 402 416 467 493 561 612 631 652 711 
22 --> 76 77 78 79 80 81 82 109 210 224 263 274 417 494 546 591 613 632 670 691 712 
23 --> 83 84 85 86 87 88 95 110 115 151 275 332 382 480 529 573 653 
24 --> 89 90 91 92 93 94 95 127 142 178 305 333 352 364 403 418 436 495 654 671 692 
25 --> 96 97 98 99 100 101 102 103 104 159 164 188 238 244 255 264 276 306 334 353 437 496 562 592 693 
26 --> 105 106 107 108 109 110 133 152 160 211 256 265 307 335 383 468 511 530 547 574 694 
27 --> 111 112 113 114 115 153 179 419 450 497 512 548 614 655 672 713 
28 --> 116 117 118 119 120 121 122 123 124 125 126 127 143 201 212 266 308 384 451 469 
29 --> 128 129 130 131 132 133 144 165 202 213 225 277 513 549 575 593 714 
30 --> 134 135 136 137 138 139 140 141 142 143 144 189 214 245 278 336 365 385 404 420 438 481 514 594 615 656 
31 --> 145 146 147 148 149 150 151 152 153 190 226 354 386 405 421 531 633 673 
32 --> 154 155 156 157 158 159 160 166 203 239 291 309 337 498 515 595 674 
33 --> 161 162 163 164 165 166 180 279 292 338 355 366 387 422 452 470 576 596 
34 --> 167 168 169 170 171 172 173 174 175 176 177 178 179 180 191 215 280 367 453 597 616 695 
35 --> 181 182 183 184 185 186 187 188 189 190 191 204 281 454 482 516 550 617 715 
36 --> 192 193 194 195 196 197 198 199 200 201 202 203 204 246 257 339 388 499 532 551 577 598 618 675 
37 --> 205 206 207 208 209 210 211 212 213 214 215 227 240 310 340 406 439 483 533 619 696 
38 --> 216 217 218 219 220 221 222 223 224 225 226 227 258 368 389 423 500 599 676 
39 --> 228 229 230 231 232 233 234 235 236 237 238 239 240 259 282 293 311 322 356 407 455 484 534 563 600 
40 --> 241 242 243 244 245 246 260 267 357 424 456 471 485 535 552 634 697 
41 --> 247 248 249 250 251 252 253 254 255 256 257 258 259 260 312 425 486 501 517 620 635 657 677 
42 --> 261 262 263 264 265 266 267 283 294 341 358 369 408 457 601 636 
43 --> 268 269 270 271 272 273 274 275 276 277 278 279 280 281 282 283 295 342 370 390 409 426 440 458 487 502 
44 --> 284 285 286 287 288 289 290 291 292 293 294 295 313 323 359 391 441 472 503 536 553 637 
45 --> 296 297 298 299 300 301 302 303 304 305 306 307 308 309 310 311 312 313 343 371 427 578 621 698 716 
46 --> 314 315 316 317 318 319 320 321 322 323 372 518 537 554 579 638 717 
47 --> 324 325 326 327 328 329 330 331 332 333 334 335 336 337 338 339 340 341 342 343 392 428 442 459 622 658 678 
48 --> 344 345 346 347 348 349 350 351 352 353 354 355 356 357 358 359 429 564 602 623 
49 --> 360 361 362 363 364 365 366 367 368 369 370 371 372 410 430 519 565 659 699 
50 --> 373 374 375 376 377 378 379 380 381 382 383 384 385 386 387 388 389 390 391 392 443 460 488 504 580 679 
51 --> 393 394 395 396 397 398 399 400 401 402 403 404 405 406 407 408 409 410 461 505 660 
52 --> 411 412 413 414 415 416 417 418 419 420 421 422 423 424 425 426 427 428 429 430 462 520 639 680 
53 --> 431 432 433 434 435 436 437 438 439 440 441 442 443 700 718 
54 --> 444 445 446 447 448 449 450 451 452 453 454 455 456 457 458 459 460 461 462 538 581 603 681 701 
55 --> 463 464 465 466 467 468 469 470 471 472 539 566 582 604 640 
56 --> 473 474 475 476 477 478 479 480 481 482 483 484 485 486 487 488 719 
57 --> 489 490 491 492 493 494 495 496 497 498 499 500 501 502 503 504 505 521 555 567 583 605 720 
58 --> 506 507 508 509 510 511 512 513 514 515 516 517 518 519 520 521 556 641 702 721 
59 --> 522 523 524 525 526 527 528 529 530 531 532 533 534 535 536 537 538 539 624 661 
60 --> 540 541 542 543 544 545 546 547 548 549 550 551 552 553 554 555 556 568 584 722 
61 --> 557 558 559 560 561 562 563 564 565 566 567 568 585 625 
62 --> 569 570 571 572 573 574 575 576 577 578 579 580 581 582 583 584 585 606 642 662 
63 --> 586 587 588 589 590 591 592 593 594 595 596 597 598 599 600 601 602 603 604 605 606 663 
64 --> 607 608 609 610 611 612 613 614 615 616 617 618 619 620 621 622 623 624 625 
65 --> 626 627 628 629 630 631 632 633 634 635 636 637 638 639 640 641 642 
66 --> 643 644 645 646 647 648 649 650 651 652 653 654 655 656 657 658 659 660 661 662 663 
67 --> 664 665 666 667 668 669 670 671 672 673 674 675 676 677 678 679 680 681 703 
68 --> 682 683 684 685 686 687 688 689 690 691 692 693 694 695 696 697 698 699 700 701 702 703 
69 --> 704 705 706 707 708 709 710 711 712 713 714 715 716 717 718 719 720 721 722 

minimum uzlu: 57, pocet reseni: 7
1: 1110101111111011110111111101011110101101011111111110101111111011111111
2: 1110101111111011111111111100011110101101011111111110101111111011111111
3: 1101110111111001111011110100111111101111011101111111111111111010111111
4: 1101110111111001111011110110111111101011011101111111111111111010111111
5: 1101110111111001111011110111111011111011011101111111111111011010111111
6: 1101110111111001111001111100111111101111011101111011111111111110111111
7: 1101110111111001111001111100111111101111011101111111111111111010111111
Spotrebovany cas je 14.969883.
