* reseni:

incidencni tabulka (uzlu: 70, hran: 667):
0 --> 0 1 4 12 21 30 46 61 69 82 91 111 138 328 373 404 418 450 555 624 
1 --> 6 13 26 75 112 195 218 250 358 390 405 505 556 579 
2 --> 0 8 22 62 70 76 92 130 139 174 184 251 264 311 319 391 406 528 557 580 593 606 
3 --> 1 2 3 9 14 19 63 71 83 131 146 162 196 219 252 274 285 312 407 451 540 625 
4 --> 2 10 15 24 33 47 102 185 207 229 265 506 529 558 626 
5 --> 16 27 56 93 120 140 163 208 220 253 320 359 419 483 581 607 
6 --> 3 5 17 34 94 98 121 221 240 266 329 360 374 392 433 468 484 627 643 
7 --> 4 5 18 35 41 57 84 95 113 141 186 230 286 299 321 420 434 485 530 541 582 
8 --> 7 11 31 64 85 164 175 267 275 330 342 435 452 486 542 559 594 608 
9 --> 6 7 20 23 36 48 58 77 153 165 187 222 241 322 375 487 595 
10 --> 8 9 10 11 25 49 103 114 154 166 223 242 323 361 421 453 469 531 583 644 
11 --> 12 13 14 15 16 17 18 28 50 72 104 115 197 209 254 276 287 300 313 393 470 488 532 645 
12 --> 19 20 29 37 42 59 78 86 167 210 231 243 362 376 394 408 436 628 646 
13 --> 21 22 23 32 43 51 65 105 132 142 147 168 188 211 232 324 331 422 454 489 507 560 629 
14 --> 24 25 38 73 155 212 288 343 423 437 596 609 
15 --> 26 27 28 29 52 60 66 87 99 106 116 122 156 169 176 198 224 233 244 289 301 332 344 395 409 424 438 543 561 610 
16 --> 30 31 32 39 40 44 53 74 88 117 123 170 177 199 234 277 345 377 455 508 
17 --> 33 34 35 36 37 38 39 54 96 118 124 148 157 200 255 302 346 396 425 456 509 533 562 611 
18 --> 40 45 55 125 201 225 303 333 397 426 439 510 630 
19 --> 41 42 43 44 45 67 79 107 158 178 213 256 268 314 334 347 398 457 511 544 631 
20 --> 46 47 48 49 50 51 52 53 54 55 89 97 133 171 278 315 440 490 563 584 632 
21 --> 56 57 58 59 60 68 80 134 179 189 245 257 348 378 458 471 512 
22 --> 61 62 63 64 65 66 67 68 100 108 126 202 279 290 534 585 647 
23 --> 69 70 71 72 73 74 81 149 226 316 349 363 427 441 459 472 545 648 
24 --> 75 76 77 78 79 80 81 90 135 172 180 190 203 214 227 258 269 280 304 317 335 379 491 597 612 633 
25 --> 82 83 84 85 86 87 88 89 90 109 127 136 143 191 564 598 
26 --> 91 92 93 94 95 96 97 101 128 150 159 336 460 473 492 513 613 
27 --> 98 99 100 101 110 119 151 160 181 192 270 281 291 350 364 399 410 461 565 
28 --> 102 103 104 105 106 107 108 109 110 129 271 325 351 400 442 474 514 546 566 614 
29 --> 111 112 113 114 115 116 117 118 119 144 182 204 215 235 246 282 411 443 493 547 
30 --> 120 121 122 123 124 125 126 127 128 129 137 145 183 193 205 259 292 365 412 515 535 548 567 
31 --> 130 131 132 133 134 135 136 137 161 293 326 380 444 475 599 649 
32 --> 138 139 140 141 142 143 144 145 152 194 216 228 247 260 294 305 352 381 494 516 
33 --> 146 147 148 149 150 151 152 173 236 261 295 353 382 428 476 495 549 568 615 650 
34 --> 153 154 155 156 157 158 159 160 161 206 217 262 306 413 445 496 550 569 616 
35 --> 162 163 164 165 166 167 168 169 170 171 172 173 237 263 272 283 307 366 497 570 600 651 
36 --> 174 175 176 177 178 179 180 181 182 183 248 354 367 383 414 462 586 652 
37 --> 184 185 186 187 188 189 190 191 192 193 194 238 308 384 446 517 536 571 601 617 
38 --> 195 196 197 198 199 200 201 202 203 204 205 206 249 284 337 368 385 618 
39 --> 207 208 209 210 211 212 213 214 215 216 217 239 355 386 429 477 498 518 551 572 
40 --> 218 219 220 221 222 223 224 225 226 227 228 338 369 401 
41 --> 229 230 231 232 233 234 235 236 237 238 239 430 478 499 
42 --> 240 241 242 243 244 245 246 247 248 249 296 339 387 463 537 573 653 
43 --> 250 251 252 253 254 255 256 257 258 259 260 261 262 263 273 415 519 654 
44 --> 264 265 266 267 268 269 270 271 272 273 297 309 340 370 388 416 431 520 574 602 655 
45 --> 274 275 276 277 278 279 280 281 282 283 284 298 318 327 356 521 538 575 
46 --> 285 286 287 288 289 290 291 292 293 294 295 296 297 298 310 371 402 464 634 656 
47 --> 299 300 301 302 303 304 305 306 307 308 309 310 447 587 603 619 635 
48 --> 311 312 313 314 315 316 317 318 341 403 552 576 
49 --> 319 320 321 322 323 324 325 326 327 357 372 500 620 636 
50 --> 328 329 330 331 332 333 334 335 336 337 338 339 340 341 432 479 522 539 588 657 
51 --> 342 343 344 345 346 347 348 349 350 351 352 353 354 355 356 357 389 417 448 501 523 553 589 658 
52 --> 358 359 360 361 362 363 364 365 366 367 368 369 370 371 372 465 502 
53 --> 373 374 375 376 377 378 379 380 381 382 383 384 385 386 387 388 389 449 466 659 
54 --> 390 391 392 393 394 395 396 397 398 399 400 401 402 403 480 524 637 
55 --> 404 405 406 407 408 409 410 411 412 413 414 415 416 417 467 525 621 
56 --> 418 419 420 421 422 423 424 425 426 427 428 429 430 431 432 481 622 660 
57 --> 433 434 435 436 437 438 439 440 441 442 443 444 445 446 447 448 449 503 590 661 
58 --> 450 451 452 453 454 455 456 457 458 459 460 461 462 463 464 465 466 467 482 504 526 577 638 
59 --> 468 469 470 471 472 473 474 475 476 477 478 479 480 481 482 578 639 662 
60 --> 483 484 485 486 487 488 489 490 491 492 493 494 495 496 497 498 499 500 501 502 503 504 527 554 591 
61 --> 505 506 507 508 509 510 511 512 513 514 515 516 517 518 519 520 521 522 523 524 525 526 527 604 640 663 
62 --> 528 529 530 531 532 533 534 535 536 537 538 539 
63 --> 540 541 542 543 544 545 546 547 548 549 550 551 552 553 554 605 
64 --> 555 556 557 558 559 560 561 562 563 564 565 566 567 568 569 570 571 572 573 574 575 576 577 578 592 623 641 664 
65 --> 579 580 581 582 583 584 585 586 587 588 589 590 591 592 
66 --> 593 594 595 596 597 598 599 600 601 602 603 604 605 642 665 
67 --> 606 607 608 609 610 611 612 613 614 615 616 617 618 619 620 621 622 623 666 
68 --> 624 625 626 627 628 629 630 631 632 633 634 635 636 637 638 639 640 641 642 
69 --> 643 644 645 646 647 648 649 650 651 652 653 654 655 656 657 658 659 660 661 662 663 664 665 666 

minimum uzlu: 56, pocet reseni: 4
1: 1111111101111101110110111101011101111111101111110111011011111101101110
2: 1111111101111101111110111101011101111101101111110111111011111101101100
3: 1111111101111101111110111101011101111111101111110111011011111101101100
4: 1111111101111101111110111101011111111101001111110111111011111101101100
Spotrebovany cas je 6.601414.
