* reseni:

incidencni tabulka (uzlu: 40, hran: 171):
0 --> 7 23 28 45 68 77 82 125 142 
1 --> 8 11 24 30 61 132 
2 --> 1 5 9 12 15 20 25 40 46 56 89 95 110 126 143 
3 --> 0 2 3 17 34 47 83 96 101 118 
4 --> 0 4 10 13 18 35 144 
5 --> 1 2 36 51 62 97 105 127 163 
6 --> 3 4 31 37 48 52 57 63 164 
7 --> 5 6 69 154 
8 --> 21 32 38 49 111 119 
9 --> 6 14 16 41 53 58 64 90 133 145 155 
10 --> 7 8 9 10 22 65 78 102 134 156 
11 --> 11 12 13 14 39 42 59 70 91 
12 --> 15 16 19 26 54 120 
13 --> 17 18 19 33 84 106 135 
14 --> 20 21 22 29 85 107 128 
15 --> 27 43 66 86 108 112 165 
16 --> 23 24 25 26 27 50 71 92 98 
17 --> 28 29 72 87 93 136 146 157 
18 --> 30 31 32 33 60 113 147 166 
19 --> 34 35 36 37 44 73 79 103 
20 --> 38 39 55 67 74 94 158 
21 --> 40 41 42 43 44 88 114 137 159 
22 --> 45 46 47 48 49 50 75 109 115 148 
23 --> 51 52 53 54 55 149 
24 --> 56 57 58 59 60 80 121 150 167 
25 --> 61 62 63 64 65 66 67 76 
26 --> 68 69 70 71 72 73 74 75 76 81 104 116 151 160 
27 --> 77 78 79 80 81 99 129 138 
28 --> 82 83 84 85 86 87 88 117 139 152 
29 --> 89 90 91 92 93 94 100 122 140 161 168 
30 --> 95 96 97 98 99 100 153 
31 --> 101 102 103 104 123 130 
32 --> 105 106 107 108 109 162 
33 --> 110 111 112 113 114 115 116 117 124 
34 --> 118 119 120 121 122 123 124 131 
35 --> 125 126 127 128 129 130 131 141 169 
36 --> 132 133 134 135 136 137 138 139 140 141 
37 --> 142 143 144 145 146 147 148 149 150 151 152 153 170 
38 --> 154 155 156 157 158 159 160 161 162 
39 --> 163 164 165 166 167 168 169 170 

minimum uzlu: 28, pocet reseni: 1
1: 1111011001111111001110101010111001111110
Spotrebovany cas je 0.312656.
